<?xml version="1.0" encoding="UTF-8"?>
<!-- Generated by org.testng.reporters.JUnitReportReporter -->
<testsuite hostname="DESKTOP-C8F0LTH" failures="0" tests="1" name="SDET1" time="0.015" errors="0" timestamp="2021-12-09T16:58:29 IST" skipped="0">
  <testcase classname="SDET1" name="DateTest" time="0.015"/>
  <system-out/>
</testsuite> <!-- SDET1 -->
